
Epoch 1/50:
Average training loss: 6.850357
Average validation loss: 16.231081
MSE per dimension (x,y,z): [2.4210291e+01 2.9655558e-01 3.7540076e-03]

Epoch 2/50:
Average training loss: 1.738004
Average validation loss: 113.171844
MSE per dimension (x,y,z): [1.6942622e+02 3.0943954e-01 1.4690366e-03]

Epoch 1/50:
Average training loss: 6.298475
Average validation loss: 37.814454
MSE per dimension (x,y,z): [5.6482777e+01 2.7993053e-01 1.2305075e-03]

Epoch 2/50:
Average training loss: 1.541942
Average validation loss: 164.765125
MSE per dimension (x,y,z): [2.4705888e+02 3.2358456e-01 7.9703156e-04]

Epoch 3/50:
Average training loss: 1.287094
Average validation loss: 127.603212
MSE per dimension (x,y,z): [1.9059116e+02 1.2235652e+00 2.4472794e-03]

Epoch 4/50:
Average training loss: 1.253194
Average validation loss: 97.312632
MSE per dimension (x,y,z): [1.4536229e+02 8.3608067e-01 9.6851308e-03]

Epoch 5/50:
Average training loss: 1.140223
Average validation loss: 57.469062
MSE per dimension (x,y,z): [8.5780632e+01 6.2191850e-01 3.8242803e-04]

Epoch 6/50:
Average training loss: 1.070139
Average validation loss: 32.480990
MSE per dimension (x,y,z): [4.8461002e+01 3.6835769e-01 3.7043492e-04]

Epoch 7/50:
Average training loss: 0.952751
Average validation loss: 73.431939
MSE per dimension (x,y,z): [1.0867383e+02 3.0581462e+00 3.4824393e-03]

Epoch 8/50:
Average training loss: 0.979796
Average validation loss: 147.458561
MSE per dimension (x,y,z): [2.2035732e+02 1.1472032e+00 1.2143783e-02]

Epoch 9/50:
Average training loss: 0.985680
Average validation loss: 56.918968
MSE per dimension (x,y,z): [8.4986969e+01 8.7389946e-01 2.6617520e-03]

Epoch 10/50:
Average training loss: 0.885172
Average validation loss: 104.283646
MSE per dimension (x,y,z): [1.5596739e+02 4.2847484e-01 2.2942836e-04]

Epoch 11/50:
Average training loss: 0.895822
Average validation loss: 45.411138
MSE per dimension (x,y,z): [6.7950745e+01 4.0634653e-01 3.0734731e-04]

Epoch 12/50:
Average training loss: 0.871316
Average validation loss: 81.509314
MSE per dimension (x,y,z): [1.21938705e+02 2.53498256e-01 2.85793009e-04]

Epoch 13/50:
Average training loss: 0.763209
Average validation loss: 21.366691
MSE per dimension (x,y,z): [3.1931524e+01 2.3474161e-01 2.7598406e-04]

Epoch 14/50:
Average training loss: 0.751178
Average validation loss: 45.488208
MSE per dimension (x,y,z): [6.7929344e+01 3.1154633e-01 2.9748710e-04]

Epoch 15/50:
Average training loss: 0.725407
Average validation loss: 35.059873
MSE per dimension (x,y,z): [5.2325687e+01 2.5846913e-01 3.2226226e-04]

Epoch 16/50:
Average training loss: 0.766716
Average validation loss: 34.560491
MSE per dimension (x,y,z): [5.1586617e+01 2.3915592e-01 2.8423709e-04]

Epoch 17/50:
Average training loss: 0.726289
Average validation loss: 42.082998
MSE per dimension (x,y,z): [6.2838856e+01 2.8362164e-01 3.2717560e-04]

Epoch 18/50:
Average training loss: 0.741416
Average validation loss: 20.927096
MSE per dimension (x,y,z): [3.1276403e+01 1.9883592e-01 3.0674532e-04]

Epoch 19/50:
Average training loss: 0.753026
Average validation loss: 16.157465
MSE per dimension (x,y,z): [2.4145796e+01 2.0323907e-01 2.6225514e-04]

Epoch 20/50:
Average training loss: 0.747892
Average validation loss: 45.753753
MSE per dimension (x,y,z): [6.8348633e+01 2.7321914e-01 3.3573277e-04]

Epoch 21/50:
Average training loss: 0.728104
Average validation loss: 51.187684
MSE per dimension (x,y,z): [7.6481888e+01 3.0676657e-01 3.4501051e-04]

Epoch 22/50:
Average training loss: 0.720831
Average validation loss: 18.084793
MSE per dimension (x,y,z): [2.7028254e+01 2.1523528e-01 2.4189652e-04]

Epoch 23/50:
Average training loss: 0.703442
Average validation loss: 22.660119
MSE per dimension (x,y,z): [3.3863464e+01 1.8647479e-01 2.4443629e-04]

Epoch 24/50:
Average training loss: 0.728259
Average validation loss: 16.228866
MSE per dimension (x,y,z): [2.4254406e+01 2.0082740e-01 2.8985407e-04]
